2022-01-22 09:57:22,113 [INFO] Activator:170 - 


2022-01-22 09:57:22,116 [INFO] Activator:171 - !SESSION log4j initialized
2022-01-22 09:57:49,774 [INFO] McuFinderGlobals:39 - Set McuFinder mode to 2 (CubeIDE integrated)
2022-01-22 09:57:50,962 [INFO] ApplicationProperties:181 - Using Application install path: C:\ST\STM32CubeIDE_1.6.1\STM32CubeIDE\plugins\com.st.stm32cube.common.mx_6.2.1.202103241236
2022-01-22 09:57:51,045 [INFO] DbMcusXml:74 - Set database path to: C:\ST\STM32CubeIDE_1.6.1\STM32CubeIDE\plugins\com.st.stm32cube.common.mx_6.2.1.202103241236\\db\/mcu/
2022-01-22 09:57:51,053 [INFO] DbBoardsPdsc:56 - Set plugin database path to: C:\ST\STM32CubeIDE_1.6.1\STM32CubeIDE\plugins\com.st.stm32cube.common.mx_6.2.1.202103241236\\db\/plugins/boardmanager/
2022-01-22 09:57:51,054 [INFO] DbMcus:258 - Set plugin images path to: C:\ST\STM32CubeIDE_1.6.1\STM32CubeIDE\plugins\com.st.stm32cube.common.mx_6.2.1.202103241236\\db\/plugins/mcufinder/images/
2022-01-22 09:57:51,054 [INFO] DbBoards:264 - Set plugin images path to: C:\ST\STM32CubeIDE_1.6.1\STM32CubeIDE\plugins\com.st.stm32cube.common.mx_6.2.1.202103241236\\db\/plugins/mcufinder/images/
2022-01-22 09:57:51,058 [INFO] DbExamples:333 - Set plugin images path to: C:\ST\STM32CubeIDE_1.6.1\STM32CubeIDE\plugins\com.st.stm32cube.common.mx_6.2.1.202103241236\\db\/plugins/mcufinder/images/
2022-01-22 09:57:51,219 [INFO] DbMcusAds:85 - Set database path to: C:\Users\Gaming Laptop RTX\.stmcufinder\plugins\mcufinder//mcu/
2022-01-22 09:57:51,221 [INFO] DbMcusDocs:110 - Set database path to: C:\Users\Gaming Laptop RTX\.stmcufinder\plugins\mcufinder//mcu/
2022-01-22 09:57:51,224 [INFO] DbMcusJson:65 - Set database path to: C:\Users\Gaming Laptop RTX\.stmcufinder\plugins\mcufinder//mcu/
2022-01-22 09:57:51,225 [INFO] DbBoardsDocs:110 - Set database path to: C:\Users\Gaming Laptop RTX\.stmcufinder\plugins\mcufinder//mcu/
2022-01-22 09:57:51,227 [INFO] DbBoardsJson:58 - Set database path to: C:\Users\Gaming Laptop RTX\.stmcufinder\plugins\mcufinder//mcu/
2022-01-22 09:57:51,253 [INFO] CrossReferenceDbSqlite:196 - Set database path to: C:\Users\Gaming Laptop RTX\.stmcufinder\plugins\mcufinder//mcu/cs/
2022-01-22 09:57:51,262 [INFO] DbExamplesSqlite:690 - Set database path to: C:\Users\Gaming Laptop RTX\.stmcufinder\plugins\mcufinder//mcu/
2022-01-22 09:57:51,516 [INFO] RulesReader:52 - Compatibility file has been processed (237 Rules)
2022-01-22 09:57:51,860 [INFO] MicroXplorer:622 - Detected Java Version = 11.0.9.1
2022-01-22 09:57:51,862 [INFO] DbMcusXml:74 - Set database path to: C:\ST\STM32CubeIDE_1.6.1\STM32CubeIDE\plugins\com.st.stm32cube.common.mx_6.2.1.202103241236\\db\/mcu/
2022-01-22 09:57:51,862 [INFO] DbBoardsPdsc:56 - Set plugin database path to: C:\ST\STM32CubeIDE_1.6.1\STM32CubeIDE\plugins\com.st.stm32cube.common.mx_6.2.1.202103241236\\db\/plugins/boardmanager/
2022-01-22 09:57:51,862 [INFO] DbMcus:258 - Set plugin images path to: C:\ST\STM32CubeIDE_1.6.1\STM32CubeIDE\plugins\com.st.stm32cube.common.mx_6.2.1.202103241236\\db\/plugins/mcufinder/images/
2022-01-22 09:57:51,862 [INFO] DbBoards:264 - Set plugin images path to: C:\ST\STM32CubeIDE_1.6.1\STM32CubeIDE\plugins\com.st.stm32cube.common.mx_6.2.1.202103241236\\db\/plugins/mcufinder/images/
2022-01-22 09:57:51,862 [INFO] DbExamples:333 - Set plugin images path to: C:\ST\STM32CubeIDE_1.6.1\STM32CubeIDE\plugins\com.st.stm32cube.common.mx_6.2.1.202103241236\\db\/plugins/mcufinder/images/
2022-01-22 09:57:51,863 [WARN] DbFile:35 - Overriding database path with different value: C:\Users\Gaming Laptop RTX\.stmcufinder\plugins\mcufinder/ => C:\Users\Gaming Laptop RTX\.stmcufinder\plugins\mcufinder
2022-01-22 09:57:51,863 [INFO] DbMcusAds:85 - Set database path to: C:\Users\Gaming Laptop RTX\.stmcufinder\plugins\mcufinder//mcu/
2022-01-22 09:57:51,863 [WARN] DbFile:35 - Overriding database path with different value: C:\Users\Gaming Laptop RTX\.stmcufinder\plugins\mcufinder/ => C:\Users\Gaming Laptop RTX\.stmcufinder\plugins\mcufinder
2022-01-22 09:57:51,863 [INFO] DbMcusDocs:110 - Set database path to: C:\Users\Gaming Laptop RTX\.stmcufinder\plugins\mcufinder//mcu/
2022-01-22 09:57:51,863 [WARN] DbFile:35 - Overriding database path with different value: C:\Users\Gaming Laptop RTX\.stmcufinder\plugins\mcufinder/ => C:\Users\Gaming Laptop RTX\.stmcufinder\plugins\mcufinder
2022-01-22 09:57:51,863 [INFO] DbMcusJson:65 - Set database path to: C:\Users\Gaming Laptop RTX\.stmcufinder\plugins\mcufinder//mcu/
2022-01-22 09:57:51,864 [WARN] DbFile:35 - Overriding database path with different value: C:\Users\Gaming Laptop RTX\.stmcufinder\plugins\mcufinder/ => C:\Users\Gaming Laptop RTX\.stmcufinder\plugins\mcufinder
2022-01-22 09:57:51,864 [INFO] DbBoardsDocs:110 - Set database path to: C:\Users\Gaming Laptop RTX\.stmcufinder\plugins\mcufinder//mcu/
2022-01-22 09:57:51,864 [WARN] DbFile:35 - Overriding database path with different value: C:\Users\Gaming Laptop RTX\.stmcufinder\plugins\mcufinder/ => C:\Users\Gaming Laptop RTX\.stmcufinder\plugins\mcufinder
2022-01-22 09:57:51,864 [INFO] DbBoardsJson:58 - Set database path to: C:\Users\Gaming Laptop RTX\.stmcufinder\plugins\mcufinder//mcu/
2022-01-22 09:57:51,864 [WARN] DbFile:35 - Overriding database path with different value: C:\Users\Gaming Laptop RTX\.stmcufinder\plugins\mcufinder/ => C:\Users\Gaming Laptop RTX\.stmcufinder\plugins\mcufinder
2022-01-22 09:57:51,864 [WARN] DbFile:35 - Overriding database path with different value: C:\Users\Gaming Laptop RTX\.stmcufinder\plugins\mcufinder/ => C:\Users\Gaming Laptop RTX\.stmcufinder\plugins\mcufinder
2022-01-22 09:57:51,864 [INFO] CrossReferenceDbSqlite:196 - Set database path to: C:\Users\Gaming Laptop RTX\.stmcufinder\plugins\mcufinder//mcu/cs/
2022-01-22 09:57:51,865 [WARN] DbFile:35 - Overriding database path with different value: C:\Users\Gaming Laptop RTX\.stmcufinder\plugins\mcufinder/ => C:\Users\Gaming Laptop RTX\.stmcufinder\plugins\mcufinder
2022-01-22 09:57:51,865 [INFO] DbExamplesSqlite:690 - Set database path to: C:\Users\Gaming Laptop RTX\.stmcufinder\plugins\mcufinder//mcu/
2022-01-22 09:57:52,229 [INFO] MainPanel:204 - HeapMemory: 268435456
2022-01-22 09:57:52,629 [INFO] DbMcusXml:74 - Set database path to: C:\ST\STM32CubeIDE_1.6.1\STM32CubeIDE\plugins\com.st.stm32cube.common.mx_6.2.1.202103241236\\db\/mcu/
2022-01-22 09:57:52,629 [INFO] DbBoardsPdsc:56 - Set plugin database path to: C:\ST\STM32CubeIDE_1.6.1\STM32CubeIDE\plugins\com.st.stm32cube.common.mx_6.2.1.202103241236\\db\/plugins/boardmanager/
2022-01-22 09:57:52,629 [INFO] DbMcus:258 - Set plugin images path to: C:\ST\STM32CubeIDE_1.6.1\STM32CubeIDE\plugins\com.st.stm32cube.common.mx_6.2.1.202103241236\\db\/plugins/mcufinder/images/
2022-01-22 09:57:52,630 [INFO] DbBoards:264 - Set plugin images path to: C:\ST\STM32CubeIDE_1.6.1\STM32CubeIDE\plugins\com.st.stm32cube.common.mx_6.2.1.202103241236\\db\/plugins/mcufinder/images/
2022-01-22 09:57:52,630 [INFO] DbExamples:333 - Set plugin images path to: C:\ST\STM32CubeIDE_1.6.1\STM32CubeIDE\plugins\com.st.stm32cube.common.mx_6.2.1.202103241236\\db\/plugins/mcufinder/images/
2022-01-22 09:57:52,636 [WARN] DbFile:35 - Overriding database path with different value: C:\Users\Gaming Laptop RTX\.stmcufinder\plugins\mcufinder/ => C:\Users\Gaming Laptop RTX\.stmcufinder\plugins\mcufinder
2022-01-22 09:57:52,636 [INFO] DbMcusAds:85 - Set database path to: C:\Users\Gaming Laptop RTX\.stmcufinder\plugins\mcufinder//mcu/
2022-01-22 09:57:52,636 [WARN] DbFile:35 - Overriding database path with different value: C:\Users\Gaming Laptop RTX\.stmcufinder\plugins\mcufinder/ => C:\Users\Gaming Laptop RTX\.stmcufinder\plugins\mcufinder
2022-01-22 09:57:52,636 [INFO] DbMcusDocs:110 - Set database path to: C:\Users\Gaming Laptop RTX\.stmcufinder\plugins\mcufinder//mcu/
2022-01-22 09:57:52,636 [WARN] DbFile:35 - Overriding database path with different value: C:\Users\Gaming Laptop RTX\.stmcufinder\plugins\mcufinder/ => C:\Users\Gaming Laptop RTX\.stmcufinder\plugins\mcufinder
2022-01-22 09:57:52,637 [INFO] DbMcusJson:65 - Set database path to: C:\Users\Gaming Laptop RTX\.stmcufinder\plugins\mcufinder//mcu/
2022-01-22 09:57:52,637 [WARN] DbFile:35 - Overriding database path with different value: C:\Users\Gaming Laptop RTX\.stmcufinder\plugins\mcufinder/ => C:\Users\Gaming Laptop RTX\.stmcufinder\plugins\mcufinder
2022-01-22 09:57:52,637 [INFO] DbBoardsDocs:110 - Set database path to: C:\Users\Gaming Laptop RTX\.stmcufinder\plugins\mcufinder//mcu/
2022-01-22 09:57:52,637 [WARN] DbFile:35 - Overriding database path with different value: C:\Users\Gaming Laptop RTX\.stmcufinder\plugins\mcufinder/ => C:\Users\Gaming Laptop RTX\.stmcufinder\plugins\mcufinder
2022-01-22 09:57:52,637 [INFO] DbBoardsJson:58 - Set database path to: C:\Users\Gaming Laptop RTX\.stmcufinder\plugins\mcufinder//mcu/
2022-01-22 09:57:52,637 [WARN] DbFile:35 - Overriding database path with different value: C:\Users\Gaming Laptop RTX\.stmcufinder\plugins\mcufinder/ => C:\Users\Gaming Laptop RTX\.stmcufinder\plugins\mcufinder
2022-01-22 09:57:52,637 [WARN] DbFile:35 - Overriding database path with different value: C:\Users\Gaming Laptop RTX\.stmcufinder\plugins\mcufinder/ => C:\Users\Gaming Laptop RTX\.stmcufinder\plugins\mcufinder
2022-01-22 09:57:52,638 [INFO] CrossReferenceDbSqlite:196 - Set database path to: C:\Users\Gaming Laptop RTX\.stmcufinder\plugins\mcufinder//mcu/cs/
2022-01-22 09:57:52,638 [WARN] DbFile:35 - Overriding database path with different value: C:\Users\Gaming Laptop RTX\.stmcufinder\plugins\mcufinder/ => C:\Users\Gaming Laptop RTX\.stmcufinder\plugins\mcufinder
2022-01-22 09:57:52,638 [INFO] DbExamplesSqlite:690 - Set database path to: C:\Users\Gaming Laptop RTX\.stmcufinder\plugins\mcufinder//mcu/
2022-01-22 09:57:52,672 [INFO] ApplicationProperties:181 - Using Application install path: C:\ST\STM32CubeIDE_1.6.1\STM32CubeIDE\plugins\com.st.stm32cube.common.mx_6.2.1.202103241236
2022-01-22 09:57:52,673 [INFO] PluginManage:178 - Search for loadable plugins [exclusion list=, ]
2022-01-22 09:57:52,702 [INFO] PluginManage:292 - Check plugin analytics
2022-01-22 09:57:52,988 [INFO] AnalyticsPlugin:233 - Accepted Software Licenses: STM32CubeMX.6.4.0
2022-01-22 09:57:52,988 [INFO] AnalyticsPlugin:235 - Accepted CMSIS Pack Licenses: 
2022-01-22 09:57:52,988 [INFO] AnalyticsPlugin:237 - Accepted Firmware Licenses: 
2022-01-22 09:57:52,989 [INFO] PluginManage:342 - Loaded plugin analytics (category:tool,tabindex:-1)
2022-01-22 09:57:52,989 [INFO] PluginManage:292 - Check plugin clock
2022-01-22 09:57:53,034 [INFO] PluginManage:342 - Loaded plugin clock (category:base,tabindex:2)
2022-01-22 09:57:53,034 [INFO] PluginManage:292 - Check plugin ddr
2022-01-22 09:57:53,078 [INFO] PluginManage:342 - Loaded plugin ddr (category:tool,tabindex:6)
2022-01-22 09:57:53,079 [INFO] PluginManage:292 - Check plugin filemanager
2022-01-22 09:57:53,548 [INFO] PluginManage:342 - Loaded plugin filemanager (category:base,tabindex:10)
2022-01-22 09:57:53,548 [INFO] PluginManage:292 - Check plugin ipmanager
2022-01-22 09:57:53,638 [INFO] PluginManage:342 - Loaded plugin ipmanager (category:base,tabindex:5)
2022-01-22 09:57:53,638 [INFO] PluginManage:292 - Check plugin pinoutandconfiguration
2022-01-22 09:57:53,707 [INFO] PluginManage:342 - Loaded plugin pinoutandconfiguration (category:base,tabindex:1)
2022-01-22 09:57:53,708 [INFO] PluginManage:292 - Check plugin pinoutconfig
2022-01-22 09:57:53,841 [INFO] PluginManage:342 - Loaded plugin pinoutconfig (category:base,tabindex:0)
2022-01-22 09:57:53,842 [INFO] PluginManage:292 - Check plugin power
2022-01-22 09:57:53,915 [INFO] PluginManage:342 - Loaded plugin power (category:power,tabindex:4)
2022-01-22 09:57:53,915 [INFO] PluginManage:292 - Check plugin projectmanager
2022-01-22 09:57:53,943 [INFO] PluginManage:342 - Loaded plugin projectmanager (category:projectmanager,tabindex:3)
2022-01-22 09:57:53,943 [INFO] PluginManage:292 - Check plugin thirdparty
2022-01-22 09:57:54,443 [INFO] PluginManage:342 - Loaded plugin thirdparty (category:base,tabindex:-1)
2022-01-22 09:57:54,444 [INFO] PluginManage:292 - Check plugin tools
2022-01-22 09:57:54,444 [WARN] IntegrityCheckThread:59 - waiting for thirdparty lock release [integrity check]
2022-01-22 09:57:54,445 [INFO] IntegrityCheckThread:61 - entering critical section [integrity check]
2022-01-22 09:57:54,445 [INFO] ThirdPartyUpdaterWithRetryManager:56 - Updater plugin not ready yet. [1/15]
2022-01-22 09:57:54,456 [INFO] PluginManage:342 - Loaded plugin tools (category:base,tabindex:7)
2022-01-22 09:57:54,456 [INFO] PluginManage:292 - Check plugin tutovideos
2022-01-22 09:57:54,930 [INFO] PluginManage:342 - Loaded plugin tutovideos (category:base,tabindex:-1)
2022-01-22 09:57:54,931 [INFO] PluginManage:292 - Check plugin updater
2022-01-22 09:57:54,958 [INFO] PluginManage:342 - Loaded plugin updater (category:base,tabindex:12)
2022-01-22 09:57:54,959 [INFO] PluginManage:265 - PluginManage : Loaded plugins [13]
2022-01-22 09:57:55,668 [INFO] PinOutPanel:1435 - setPackage(No Configuration,No Configuration)
2022-01-22 09:57:56,122 [INFO] IPUIPlugin:64 - create IPUIPlugin
2022-01-22 09:57:56,123 [INFO] PluginManager:203 - loadIPPluginJar : add adc
2022-01-22 09:57:56,156 [INFO] IPUIPlugin:64 - create IPUIPlugin
2022-01-22 09:57:56,157 [INFO] PluginManager:203 - loadIPPluginJar : add aes
2022-01-22 09:57:56,194 [INFO] IPUIPlugin:64 - create IPUIPlugin
2022-01-22 09:57:56,195 [INFO] PluginManager:203 - loadIPPluginJar : add can
2022-01-22 09:57:56,201 [INFO] IPUIPlugin:64 - create IPUIPlugin
2022-01-22 09:57:56,202 [INFO] PluginManager:203 - loadIPPluginJar : add comp
2022-01-22 09:57:56,211 [INFO] IPUIPlugin:64 - create IPUIPlugin
2022-01-22 09:57:56,212 [INFO] PluginManager:203 - loadIPPluginJar : add cryp
2022-01-22 09:57:56,221 [INFO] IPUIPlugin:64 - create IPUIPlugin
2022-01-22 09:57:56,222 [INFO] PluginManager:203 - loadIPPluginJar : add dfsdm
2022-01-22 09:57:56,231 [INFO] IPUIPlugin:64 - create IPUIPlugin
2022-01-22 09:57:56,233 [INFO] PluginManager:203 - loadIPPluginJar : add dma
2022-01-22 09:57:56,236 [INFO] IPUIPlugin:64 - create IPUIPlugin
2022-01-22 09:57:56,236 [INFO] PluginManager:203 - loadIPPluginJar : add fatfs
2022-01-22 09:57:56,257 [INFO] IPUIPlugin:64 - create IPUIPlugin
2022-01-22 09:57:56,257 [INFO] PluginManager:203 - loadIPPluginJar : add fmc
2022-01-22 09:57:56,267 [INFO] IPUIPlugin:64 - create IPUIPlugin
2022-01-22 09:57:56,268 [INFO] PluginManager:203 - loadIPPluginJar : add freertos
2022-01-22 09:57:56,272 [INFO] IPUIPlugin:64 - create IPUIPlugin
2022-01-22 09:57:56,272 [INFO] PluginManager:203 - loadIPPluginJar : add genericplugin
2022-01-22 09:57:56,276 [INFO] IPUIPlugin:64 - create IPUIPlugin
2022-01-22 09:57:56,283 [INFO] PluginManager:203 - loadIPPluginJar : add gfxmmu
2022-01-22 09:57:56,292 [INFO] IPUIPlugin:64 - create IPUIPlugin
2022-01-22 09:57:56,292 [INFO] PluginManager:203 - loadIPPluginJar : add gic
2022-01-22 09:57:56,334 [INFO] IPUIPlugin:64 - create IPUIPlugin
2022-01-22 09:57:56,335 [INFO] PluginManager:203 - loadIPPluginJar : add gpio
2022-01-22 09:57:56,339 [INFO] IPUIPlugin:64 - create IPUIPlugin
2022-01-22 09:57:56,340 [INFO] PluginManager:203 - loadIPPluginJar : add gtzc
2022-01-22 09:57:56,343 [INFO] IPUIPlugin:64 - create IPUIPlugin
2022-01-22 09:57:56,344 [INFO] PluginManager:203 - loadIPPluginJar : add hash
2022-01-22 09:57:56,348 [INFO] IPUIPlugin:64 - create IPUIPlugin
2022-01-22 09:57:56,348 [INFO] PluginManager:203 - loadIPPluginJar : add i2c
2022-01-22 09:57:56,353 [INFO] IPUIPlugin:64 - create IPUIPlugin
2022-01-22 09:57:56,353 [INFO] PluginManager:203 - loadIPPluginJar : add i2s
2022-01-22 09:57:56,373 [INFO] IPUIPlugin:64 - create IPUIPlugin
2022-01-22 09:57:56,374 [INFO] PluginManager:203 - loadIPPluginJar : add ipddr
2022-01-22 09:57:56,378 [INFO] IPUIPlugin:64 - create IPUIPlugin
2022-01-22 09:57:56,379 [INFO] PluginManager:203 - loadIPPluginJar : add lorawan
2022-01-22 09:57:56,397 [INFO] IPUIPlugin:64 - create IPUIPlugin
2022-01-22 09:57:56,398 [INFO] PluginManager:203 - loadIPPluginJar : add ltdc
2022-01-22 09:57:56,404 [INFO] IPUIPlugin:64 - create IPUIPlugin
2022-01-22 09:57:56,404 [INFO] PluginManager:203 - loadIPPluginJar : add mdma
2022-01-22 09:57:56,419 [INFO] IPUIPlugin:64 - create IPUIPlugin
2022-01-22 09:57:56,419 [INFO] PluginManager:203 - loadIPPluginJar : add nvic
2022-01-22 09:57:56,433 [INFO] IPUIPlugin:64 - create IPUIPlugin
2022-01-22 09:57:56,433 [INFO] PluginManager:203 - loadIPPluginJar : add opamp
2022-01-22 09:57:56,437 [INFO] IPUIPlugin:64 - create IPUIPlugin
2022-01-22 09:57:56,437 [INFO] PluginManager:203 - loadIPPluginJar : add openamp
2022-01-22 09:57:56,449 [INFO] IPUIPlugin:64 - create IPUIPlugin
2022-01-22 09:57:56,449 [INFO] PluginManager:203 - loadIPPluginJar : add pdm2pcm
2022-01-22 09:57:56,480 [INFO] IPUIPlugin:64 - create IPUIPlugin
2022-01-22 09:57:56,487 [INFO] PluginManager:203 - loadIPPluginJar : add plateformsettings
2022-01-22 09:57:56,490 [INFO] IPUIPlugin:64 - create IPUIPlugin
2022-01-22 09:57:56,491 [INFO] PluginManager:203 - loadIPPluginJar : add quadspi
2022-01-22 09:57:56,526 [INFO] IPUIPlugin:64 - create IPUIPlugin
2022-01-22 09:57:56,526 [INFO] PluginManager:203 - loadIPPluginJar : add resmgrutility
2022-01-22 09:57:56,556 [INFO] IPUIPlugin:64 - create IPUIPlugin
2022-01-22 09:57:56,556 [INFO] PluginManager:203 - loadIPPluginJar : add sai
2022-01-22 09:57:56,566 [INFO] IPUIPlugin:64 - create IPUIPlugin
2022-01-22 09:57:56,566 [INFO] PluginManager:203 - loadIPPluginJar : add spi
2022-01-22 09:57:56,586 [INFO] IPUIPlugin:64 - create IPUIPlugin
2022-01-22 09:57:56,586 [INFO] PluginManager:203 - loadIPPluginJar : add stm32_wpan
2022-01-22 09:57:56,593 [INFO] IPUIPlugin:64 - create IPUIPlugin
2022-01-22 09:57:56,593 [INFO] PluginManager:203 - loadIPPluginJar : add tim
2022-01-22 09:57:56,604 [INFO] IPUIPlugin:64 - create IPUIPlugin
2022-01-22 09:57:56,605 [INFO] PluginManager:203 - loadIPPluginJar : add touchsensing
2022-01-22 09:57:56,618 [INFO] IPUIPlugin:64 - create IPUIPlugin
2022-01-22 09:57:56,619 [INFO] PluginManager:203 - loadIPPluginJar : add tracer_emb
2022-01-22 09:57:56,623 [INFO] IPUIPlugin:64 - create IPUIPlugin
2022-01-22 09:57:56,623 [INFO] PluginManager:203 - loadIPPluginJar : add ts
2022-01-22 09:57:56,627 [INFO] IPUIPlugin:64 - create IPUIPlugin
2022-01-22 09:57:56,628 [INFO] PluginManager:203 - loadIPPluginJar : add tsc
2022-01-22 09:57:56,632 [INFO] IPUIPlugin:64 - create IPUIPlugin
2022-01-22 09:57:56,632 [INFO] PluginManager:203 - loadIPPluginJar : add ucpd
2022-01-22 09:57:56,638 [INFO] IPUIPlugin:64 - create IPUIPlugin
2022-01-22 09:57:56,638 [INFO] PluginManager:203 - loadIPPluginJar : add usart
2022-01-22 09:57:57,439 [FATAL] Updater:284 - Updater called before beeing initialized
2022-01-22 09:57:57,454 [INFO] ThirdPartyUpdaterWithRetryManager:56 - Updater plugin not ready yet. [2/15]
2022-01-22 09:57:57,634 [FATAL] Updater:284 - Updater called before beeing initialized
2022-01-22 09:57:57,671 [INFO] DbMcusAds:132 - JSON generation date=Thu Sep 30 07:55:09 BST 2021 (1632984909434)
2022-01-22 09:57:57,672 [FATAL] Updater:284 - Updater called before beeing initialized
2022-01-22 09:57:57,803 [WARN] DetailPanel:315 - Failed to get advertising image, set to default
2022-01-22 09:57:58,147 [FATAL] Updater:284 - Updater called before beeing initialized
2022-01-22 09:57:58,152 [FATAL] Updater:284 - Updater called before beeing initialized
2022-01-22 09:57:58,152 [FATAL] Updater:284 - Updater called before beeing initialized
2022-01-22 09:57:58,152 [WARN] DetailPanel:315 - Failed to get advertising image, set to default
2022-01-22 09:57:58,155 [FATAL] Updater:284 - Updater called before beeing initialized
2022-01-22 09:57:58,267 [FATAL] Updater:284 - Updater called before beeing initialized
2022-01-22 09:57:58,267 [WARN] ThirdParty:796 - waiting for thirdparty lock release [close project]
2022-01-22 09:58:00,459 [FATAL] Updater:284 - Updater called before beeing initialized
2022-01-22 09:58:00,459 [ERROR] AbstractThirdPartyUpdaterManager:153 - class java.lang.Integer cannot be cast to class java.util.List (java.lang.Integer and java.util.List are in module java.base of loader 'bootstrap')
2022-01-22 09:58:00,460 [INFO] ThirdParty:900 - Integrity check success = false
2022-01-22 09:58:00,460 [INFO] IntegrityCheckThread:75 - exiting critical section [integrity check]
2022-01-22 09:58:00,460 [INFO] IntegrityCheckThread:78 - End integrity checks thread
2022-01-22 09:58:00,460 [INFO] ThirdParty:798 - entering critical section [close project]
2022-01-22 09:58:00,462 [INFO] ThirdParty:809 - exiting critical section [close project]
2022-01-22 09:58:00,466 [INFO] PinOutPanel:1435 - setPackage(No Configuration,No Configuration)
2022-01-22 09:58:00,467 [FATAL] Updater:284 - Updater called before beeing initialized
2022-01-22 09:58:00,501 [ERROR] Updater:1065 - MainUpdater not yet initialized. External WinMGr cannot be set.
2022-01-22 09:58:00,508 [INFO] Updater:1002 - Updater Version found : 6.2.1
2022-01-22 09:58:00,549 [INFO] ApplicationProperties:181 - Using Application install path: C:\ST\STM32CubeIDE_1.6.1\STM32CubeIDE\plugins\com.st.stm32cube.common.mx_6.2.1.202103241236
2022-01-22 09:58:00,686 [INFO] MainUpdater:479 - Copy updater definitions from MX database
2022-01-22 09:58:00,906 [INFO] MainUpdater:2661 - connection check result : 10
2022-01-22 09:58:00,906 [INFO] MainUpdater:3349 - Updater definition file requires update
2022-01-22 09:58:00,908 [INFO] MainUpdater:255 - Updater Check For Update Now.
2022-01-22 09:58:00,908 [INFO] MicroXplorer:472 - Change Database Version : DB.6.0.21
2022-01-22 09:58:01,222 [INFO] ServerAccessManage:348 - Download File updaters.zip
2022-01-22 09:58:01,321 [INFO] FileExtend:225 - Unzip File : updaters.zip
2022-01-22 09:58:01,321 [INFO] FileExtend:240 - Standard Zip Deflate
2022-01-22 09:58:02,081 [INFO] ServerAccessManage:348 - Download File PacksControlFlags.xml
2022-01-22 09:58:02,258 [INFO] ServerAccessManage:348 - Download File cubemx.pidx
2022-01-22 09:58:02,780 [INFO] ServerAccessManage:348 - Download File STMicroelectronics.X-CUBE-AI.pdsc
2022-01-22 09:58:04,187 [INFO] ServerAccessManage:348 - Download File STMicroelectronics.X-CUBE-ALGOBUILD.pdsc
2022-01-22 09:58:05,239 [INFO] CheckServerUpdateThread:102 - End of CheckServer Thread
2022-01-22 09:58:05,294 [WARN] PackLoader:226 - Cannot read IP mode file for STMicroelectronics.X-CUBE-AI.7.1.0
2022-01-22 09:58:05,311 [WARN] PackLoader:226 - Cannot read IP mode file for STMicroelectronics.X-CUBE-ALGOBUILD.1.3.0
2022-01-22 09:58:05,313 [INFO] PopulateThirdPartyThread:50 - Ending populate Thread
2022-01-22 09:58:05,315 [INFO] ThirdParty:952 - CMSIS Pack Vendor :STMicroelectronics X-CUBE-AI 7.1.0
2022-01-22 09:58:05,315 [INFO] ThirdParty:952 - CMSIS Pack Vendor :STMicroelectronics X-CUBE-ALGOBUILD 1.3.0
2022-01-22 09:58:05,315 [INFO] LoadServerUpdatesThread:329 - End of LoadServerUpdate Thread
2022-01-22 09:58:05,339 [INFO] MainUpdater:2661 - connection check result : 10
2022-01-22 09:58:05,791 [INFO] ServerAccessManage:348 - Download File ad.zip
2022-01-22 09:58:05,900 [INFO] FileExtend:225 - Unzip File : ad.zip
2022-01-22 09:58:05,901 [INFO] FileExtend:240 - Standard Zip Deflate
2022-01-22 09:58:06,158 [INFO] LoadUrlFilesThread:135 - End of LoadUrlFiles Thread
2022-01-22 09:58:06,302 [INFO] ServerAccessManage:348 - Download File mcusAds.json._tmp_
2022-01-22 09:58:06,310 [INFO] LoadUrlFilesThread:135 - End of LoadUrlFiles Thread
2022-01-22 09:58:06,449 [INFO] ServerAccessManage:348 - Download File mcusDocs.json._tmp_
2022-01-22 09:58:06,500 [INFO] LoadUrlFilesThread:135 - End of LoadUrlFiles Thread
2022-01-22 09:58:06,540 [INFO] ServerAccessManage:348 - Download File mcusFeaturesAndDescription.json._tmp_
2022-01-22 09:58:07,756 [INFO] LoadUrlFilesThread:135 - End of LoadUrlFiles Thread
2022-01-22 09:58:07,801 [INFO] ServerAccessManage:348 - Download File boardsDocs.json._tmp_
2022-01-22 09:58:07,819 [INFO] LoadUrlFilesThread:135 - End of LoadUrlFiles Thread
2022-01-22 09:58:07,869 [INFO] ServerAccessManage:348 - Download File boards.json._tmp_
2022-01-22 09:58:07,938 [INFO] LoadUrlFilesThread:135 - End of LoadUrlFiles Thread
2022-01-22 09:58:08,001 [INFO] ServerAccessManage:348 - Download File cube-finder-db.zip
2022-01-22 09:58:10,901 [INFO] FileExtend:225 - Unzip File : cube-finder-db.zip
2022-01-22 09:58:10,901 [INFO] FileExtend:240 - Standard Zip Deflate
2022-01-22 09:58:11,798 [INFO] LoadUrlFilesThread:135 - End of LoadUrlFiles Thread
2022-01-22 09:58:12,136 [INFO] ServerAccessManage:348 - Download File crdb.zip
2022-01-22 09:58:12,437 [INFO] FileExtend:225 - Unzip File : crdb.zip
2022-01-22 09:58:12,437 [INFO] FileExtend:240 - Standard Zip Deflate
2022-01-22 09:58:12,460 [INFO] LoadUrlFilesThread:135 - End of LoadUrlFiles Thread
2022-01-22 09:58:12,505 [INFO] ServerAccessManage:348 - Download File tutoVideoDB.zip
2022-01-22 09:58:12,538 [INFO] FileExtend:225 - Unzip File : tutoVideoDB.zip
2022-01-22 09:58:12,539 [INFO] FileExtend:240 - Standard Zip Deflate
2022-01-22 09:58:12,626 [INFO] LoadUrlFilesThread:135 - End of LoadUrlFiles Thread
2022-01-22 09:58:12,629 [INFO] DbMcusAds:132 - JSON generation date=Thu Sep 30 07:55:09 BST 2021 (1632984909434)
2022-01-22 09:58:12,661 [INFO] DbMcusDocs:143 - JSON generation date=Tue Nov 16 16:17:54 GMT 2021 (1637079474)
2022-01-22 09:58:12,662 [INFO] DbMcusXml:100 - Load MCU database from C:\ST\STM32CubeIDE_1.6.1\STM32CubeIDE\plugins\com.st.stm32cube.common.mx_6.2.1.202103241236\\db\/mcu/families.xml
2022-01-22 09:58:14,645 [INFO] DbMcusJson:94 - JSON generation date=Tue Nov 16 16:17:54 GMT 2021 (1637079474)
2022-01-22 09:58:15,803 [INFO] DbMcus:175 - Found 1906 MCUs (1866 are supported by CubeMX, 1920 are visible in CubeMX)
2022-01-22 09:58:15,804 [INFO] ApiDb:251 - Load user favorites file C:\Users\Gaming Laptop RTX/.stm32cubeide/favorites.mcus.txt: 0 item(s)
2022-01-22 09:58:15,805 [INFO] ApiDb:255 - User favorites MCUs=[]
2022-01-22 09:58:15,805 [INFO] DbMcus:187 - Set 0 / 0 favorites MCUs
2022-01-22 09:58:16,639 [INFO] DbMcusDocs:79 - Found 682 MCUs documents
2022-01-22 09:58:16,642 [INFO] ApiDb:276 - Save user favorites file C:\Users\Gaming Laptop RTX/.stm32cubeide/favorites.mcus.txt: 0 item(s)
2022-01-22 09:58:16,642 [INFO] ApiDb:280 - User favorites MCUs=[]
2022-01-22 09:58:16,643 [INFO] DbMcusXml:100 - Load MCU database from C:\ST\STM32CubeIDE_1.6.1\STM32CubeIDE\plugins\com.st.stm32cube.common.mx_6.2.1.202103241236\\db\/mcu/families.xml
2022-01-22 09:58:17,550 [INFO] DbMcusJson:94 - JSON generation date=Tue Nov 16 16:17:54 GMT 2021 (1637079474)
2022-01-22 09:58:18,443 [INFO] DbMcus:175 - Found 1906 MCUs (1866 are supported by CubeMX, 1920 are visible in CubeMX)
2022-01-22 09:58:18,444 [INFO] ApiDb:251 - Load user favorites file C:\Users\Gaming Laptop RTX/.stm32cubeide/favorites.mcus.txt: 0 item(s)
2022-01-22 09:58:18,444 [INFO] ApiDb:255 - User favorites MCUs=[]
2022-01-22 09:58:18,445 [INFO] DbMcus:187 - Set 0 / 0 favorites MCUs
2022-01-22 09:58:18,455 [INFO] DbBoardsDocs:143 - JSON generation date=Tue Nov 16 16:17:54 GMT 2021 (1637079474)
2022-01-22 09:58:18,557 [INFO] DbBoardsPdsc:90 - Found 24 items
2022-01-22 09:58:18,566 [INFO] DbBoardsPdsc:90 - Found 9 items
2022-01-22 09:58:18,572 [INFO] DbBoardsPdsc:90 - Found 33 items
2022-01-22 09:58:18,587 [INFO] DbBoardsPdsc:90 - Found 1 items
2022-01-22 09:58:18,603 [INFO] DbBoardsPdsc:90 - Found 46 items
2022-01-22 09:58:18,618 [INFO] DbBoardsPdsc:90 - Found 41 items
2022-01-22 09:58:18,626 [INFO] DbBoardsPdsc:90 - Found 2 items
2022-01-22 09:58:18,641 [INFO] DbBoardsPdsc:90 - Found 5 items
2022-01-22 09:58:18,645 [WARN] DbBoardsPdsc:254 - Board NUCLEO-WB15CC: unknown feature type=, name=, username=Three user LEDs, n=1
2022-01-22 09:58:18,645 [WARN] DbBoardsPdsc:254 - Board NUCLEO-WB15CC: unknown feature type=, name=, username=One reset and three user push-buttons, n=1
2022-01-22 09:58:18,645 [WARN] DbBoardsPdsc:254 - Board NUCLEO-WB15CC: unknown feature type=, name=, username=Arduino Uno V3 expansion connector, n=1
2022-01-22 09:58:18,646 [WARN] DbBoardsPdsc:254 - Board NUCLEO-WB15CC: unknown feature type=, name=, username=ST morpho extension pin headers for full access to all STM32WB I/Os, n=1
2022-01-22 09:58:18,646 [WARN] DbBoardsPdsc:254 - Board NUCLEO-WB15CC: unknown feature type=, name=, username=Integrated PCB antenna and SMA connector footprint, n=1
2022-01-22 09:58:18,646 [WARN] DbBoardsPdsc:254 - Board NUCLEO-WB15CC: unknown feature type=, name=, username=Flexible power-supply options: ST-LINK, USB VBUS, or external sources, n=1
2022-01-22 09:58:18,646 [WARN] DbBoardsPdsc:254 - Board NUCLEO-WB15CC: unknown feature type=, name=, username=On-board footprint to mount a CR2032 battery socket, n=1
2022-01-22 09:58:18,646 [WARN] DbBoardsPdsc:254 - Board NUCLEO-WB15CC: unknown feature type=, name=, username=On-board ST-LINK/V2-1 debugger/programmer with USB re-enumeration capability: mass storage, Virtual COM port, and debug port, n=1
2022-01-22 09:58:18,646 [WARN] DbBoardsPdsc:254 - Board NUCLEO-WB15CC: unknown feature type=, name=, username=Comprehensive free software libraries and examples available with the STM32CubeWB MCU Package, n=1
2022-01-22 09:58:18,646 [WARN] DbBoardsPdsc:254 - Board NUCLEO-WB15CC: unknown feature type=, name=, username=Support of a wide choice of Integrated Development Environments (IDEs) including IAR Embedded Workbench, MDK-ARM, STM32CubeIDE, and Mbed Studio, n=1
2022-01-22 09:58:18,649 [WARN] DbBoardsPdsc:254 - Board STM32H7B3I-DK: unknown feature type=Audio, name=, username=Audio stereo codec with Headphone Amp (CS42L51-CNZ), n=1
2022-01-22 09:58:18,650 [WARN] DbBoardsPdsc:254 - Board STM32H735G-DK: unknown feature type=Audio, name=, username=Audio stereo codec with Headphone Amp (WM8994ECS/R), n=1
2022-01-22 09:58:18,651 [WARN] DbBoardsPdsc:254 - Board STM32WB5MM-DK: unknown feature type=, name=, username=Time-of-Flight and gesture-detection sensor, n=1
2022-01-22 09:58:18,651 [WARN] DbBoardsPdsc:254 - Board STM32WB5MM-DK: unknown feature type=, name=, username=3 push-buttons (2 users and 1 reset) and 1 touch key button, n=1
2022-01-22 09:58:18,651 [WARN] DbBoardsPdsc:254 - Board STM32WB5MM-DK: unknown feature type=, name=, username=Flexible power-supply options: ST-LINK/V2-1 USB connector, 5 V delivered by ARDUINO速 or external connector, USB charger, or USB power, n=1
2022-01-22 09:58:18,651 [WARN] DbBoardsPdsc:254 - Board STM32WB5MM-DK: unknown feature type=, name=, username=On-board ST-LINK/V2-1 debugger/programmer with USB re-enumeration capability: Virtual COM port and debug port, n=1
2022-01-22 09:58:18,651 [WARN] DbBoardsPdsc:254 - Board STM32WB5MM-DK: unknown feature type=, name=, username=Comprehensive free software libraries and examples available with the STM32CubeWB MCU Package, n=1
2022-01-22 09:58:18,651 [WARN] DbBoardsPdsc:254 - Board STM32WB5MM-DK: unknown feature type=, name=, username=Support of a wide choice of Integrated Development Environments (IDEs) including IAR Embedded Workbench速, MDK-ARM, and STM32CubeIDE, n=1
2022-01-22 09:58:18,655 [WARN] DbBoardsPdsc:254 - Board STM32H7B3I-EVAL: unknown feature type=Audio, name=, username=Multi-Channel Audio Codec (CS42L51-CNZ), n=1
2022-01-22 09:58:18,655 [WARN] DbBoardsPdsc:254 - Board STM32H7B3I-EVAL: unknown feature type=Meter, name=, username=Power-metering and Temperature-monitoring with sigma-delta modulators, n=1
2022-01-22 09:58:18,655 [WARN] DbBoardsPdsc:254 - Board STM32H7B3I-EVAL: unknown feature type=Motor, name=, username=Motor Control, n=1
2022-01-22 09:58:18,707 [INFO] DbBoardsJson:87 - JSON generation date=Tue Nov 16 16:17:54 GMT 2021 (1637079474)
2022-01-22 09:58:18,718 [INFO] DbBoards:117 - Found 167 boards (158 are supported by CubeMX)
2022-01-22 09:58:18,720 [INFO] DbBoardsDocs:143 - JSON generation date=Tue Nov 16 16:17:54 GMT 2021 (1637079474)
2022-01-22 09:58:18,726 [INFO] DbBoardsDocs:79 - Found 209 boards documents
2022-01-22 09:58:18,728 [WARN] DbBoards:127 - board B-L475E-IOT01A2 has no document id list !
2022-01-22 09:58:18,730 [WARN] DbBoards:127 - board NUCLEO-H743ZI has no document id list !
2022-01-22 09:58:18,731 [WARN] DbBoards:127 - board NUCLEO-WL55JC2 has no document id list !
2022-01-22 09:58:18,732 [WARN] DbBoards:127 - board P-NUCLEO-WB55-Nucleo has no document id list !
2022-01-22 09:58:18,732 [WARN] DbBoards:127 - board P-NUCLEO-WB55-USBDongle has no document id list !
2022-01-22 09:58:18,732 [WARN] DbBoards:127 - board STEVAL-BFA001V1B has no document id list !
2022-01-22 09:58:18,732 [WARN] DbBoards:127 - board STEVAL-BFA001V2B has no document id list !
2022-01-22 09:58:18,732 [WARN] DbBoards:127 - board STEVAL-IDP005V1 has no document id list !
2022-01-22 09:58:18,732 [WARN] DbBoards:127 - board STEVAL-IDP005V2 has no document id list !
2022-01-22 09:58:18,732 [WARN] DbBoards:127 - board STEVAL-MKSBOX1V1 has no document id list !
2022-01-22 09:58:18,732 [WARN] DbBoards:127 - board STEVAL-STWINKT1 has no document id list !
2022-01-22 09:58:18,732 [WARN] DbBoards:127 - board STEVAL-STWINKT1B has no document id list !
2022-01-22 09:58:18,733 [WARN] DbBoards:127 - board STM32439I-EVAL2 has no document id list !
2022-01-22 09:58:18,733 [WARN] DbBoards:127 - board STM32F401C-DISCO has no document id list !
2022-01-22 09:58:18,734 [WARN] DbBoards:127 - board STM32F769I-DISC1 has no document id list !
2022-01-22 09:58:18,734 [WARN] DbBoards:127 - board STM32G474E-EVAL1 has no document id list !
2022-01-22 09:58:18,735 [WARN] DbBoards:127 - board STM32H743I-EVAL2 has no document id list !
2022-01-22 09:58:18,735 [WARN] DbBoards:127 - board STM32H747I-DISC1 has no document id list !
2022-01-22 09:58:18,735 [WARN] DbBoards:127 - board STM32H753I-EVAL2 has no document id list !
2022-01-22 09:58:18,735 [WARN] DbBoards:127 - board STM32L-DISCOVERY has no document id list !
2022-01-22 09:58:19,036 [ERROR] DbBoards:189 - Image file not found for board B-U585I-IOT02A: C:\ST\STM32CubeIDE_1.6.1\STM32CubeIDE\plugins\com.st.stm32cube.common.mx_6.2.1.202103241236\\db\/plugins/mcufinder/images/boards/B-U585I-IOT02A_small.jpg
2022-01-22 09:58:19,189 [ERROR] DbBoards:189 - Image file not found for board NUCLEO-F413ZH: C:\ST\STM32CubeIDE_1.6.1\STM32CubeIDE\plugins\com.st.stm32cube.common.mx_6.2.1.202103241236\\db\/plugins/mcufinder/images/boards/nucleo-f413zh_small.jpg
2022-01-22 09:58:19,452 [ERROR] DbBoards:189 - Image file not found for board NUCLEO-L552ZE-Q: C:\ST\STM32CubeIDE_1.6.1\STM32CubeIDE\plugins\com.st.stm32cube.common.mx_6.2.1.202103241236\\db\/plugins/mcufinder/images/boards/nucleo_l552ze_q_small.jpg
2022-01-22 09:58:19,452 [ERROR] DbBoards:189 - Image file not found for board NUCLEO-U575ZI-Q: C:\ST\STM32CubeIDE_1.6.1\STM32CubeIDE\plugins\com.st.stm32cube.common.mx_6.2.1.202103241236\\db\/plugins/mcufinder/images/boards/nucleo-u575zi-q_small.jpg
2022-01-22 09:58:19,452 [ERROR] DbBoards:189 - Image file not found for board NUCLEO-WB15CC: C:\ST\STM32CubeIDE_1.6.1\STM32CubeIDE\plugins\com.st.stm32cube.common.mx_6.2.1.202103241236\\db\/plugins/mcufinder/images/boards/nucleo-wb15cc_small.jpg
2022-01-22 09:58:19,453 [ERROR] DbBoards:189 - Image file not found for board NUCLEO-WB55RG: C:\ST\STM32CubeIDE_1.6.1\STM32CubeIDE\plugins\com.st.stm32cube.common.mx_6.2.1.202103241236\\db\/plugins/mcufinder/images/boards/nucleo-wb55rg_small.jpg
2022-01-22 09:58:21,477 [ERROR] DbBoards:189 - Image file not found for board STM32U575I-EV: C:\ST\STM32CubeIDE_1.6.1\STM32CubeIDE\plugins\com.st.stm32cube.common.mx_6.2.1.202103241236\\db\/plugins/mcufinder/images/boards/stm32u575i-ev_small.jpg
2022-01-22 09:58:21,667 [INFO] ApiDb:251 - Load user favorites file C:\Users\Gaming Laptop RTX/.stm32cubeide/favorites.boards.txt: 0 item(s)
2022-01-22 09:58:21,667 [INFO] ApiDb:255 - User favorites Boards=[]
2022-01-22 09:58:21,667 [INFO] DbBoards:206 - Set 0 / 0 favorites Boards
2022-01-22 09:58:21,685 [INFO] DbBoardsDocs:79 - Found 418 boards documents
2022-01-22 09:58:21,686 [INFO] ApiDb:276 - Save user favorites file C:\Users\Gaming Laptop RTX/.stm32cubeide/favorites.boards.txt: 0 item(s)
2022-01-22 09:58:21,686 [INFO] ApiDb:280 - User favorites Boards=[]
2022-01-22 09:58:21,691 [INFO] DbBoardsPdsc:90 - Found 24 items
2022-01-22 09:58:21,694 [INFO] DbBoardsPdsc:90 - Found 9 items
2022-01-22 09:58:21,698 [INFO] DbBoardsPdsc:90 - Found 33 items
2022-01-22 09:58:21,699 [INFO] DbBoardsPdsc:90 - Found 1 items
2022-01-22 09:58:21,707 [INFO] DbBoardsPdsc:90 - Found 46 items
2022-01-22 09:58:21,716 [INFO] DbBoardsPdsc:90 - Found 41 items
2022-01-22 09:58:21,718 [INFO] DbBoardsPdsc:90 - Found 2 items
2022-01-22 09:58:21,721 [INFO] DbBoardsPdsc:90 - Found 5 items
2022-01-22 09:58:21,725 [WARN] DbBoardsPdsc:254 - Board NUCLEO-WB15CC: unknown feature type=, name=, username=Three user LEDs, n=1
2022-01-22 09:58:21,725 [WARN] DbBoardsPdsc:254 - Board NUCLEO-WB15CC: unknown feature type=, name=, username=One reset and three user push-buttons, n=1
2022-01-22 09:58:21,725 [WARN] DbBoardsPdsc:254 - Board NUCLEO-WB15CC: unknown feature type=, name=, username=Arduino Uno V3 expansion connector, n=1
2022-01-22 09:58:21,726 [WARN] DbBoardsPdsc:254 - Board NUCLEO-WB15CC: unknown feature type=, name=, username=ST morpho extension pin headers for full access to all STM32WB I/Os, n=1
2022-01-22 09:58:21,726 [WARN] DbBoardsPdsc:254 - Board NUCLEO-WB15CC: unknown feature type=, name=, username=Integrated PCB antenna and SMA connector footprint, n=1
2022-01-22 09:58:21,726 [WARN] DbBoardsPdsc:254 - Board NUCLEO-WB15CC: unknown feature type=, name=, username=Flexible power-supply options: ST-LINK, USB VBUS, or external sources, n=1
2022-01-22 09:58:21,726 [WARN] DbBoardsPdsc:254 - Board NUCLEO-WB15CC: unknown feature type=, name=, username=On-board footprint to mount a CR2032 battery socket, n=1
2022-01-22 09:58:21,726 [WARN] DbBoardsPdsc:254 - Board NUCLEO-WB15CC: unknown feature type=, name=, username=On-board ST-LINK/V2-1 debugger/programmer with USB re-enumeration capability: mass storage, Virtual COM port, and debug port, n=1
2022-01-22 09:58:21,726 [WARN] DbBoardsPdsc:254 - Board NUCLEO-WB15CC: unknown feature type=, name=, username=Comprehensive free software libraries and examples available with the STM32CubeWB MCU Package, n=1
2022-01-22 09:58:21,726 [WARN] DbBoardsPdsc:254 - Board NUCLEO-WB15CC: unknown feature type=, name=, username=Support of a wide choice of Integrated Development Environments (IDEs) including IAR Embedded Workbench, MDK-ARM, STM32CubeIDE, and Mbed Studio, n=1
2022-01-22 09:58:21,729 [WARN] DbBoardsPdsc:254 - Board STM32H7B3I-DK: unknown feature type=Audio, name=, username=Audio stereo codec with Headphone Amp (CS42L51-CNZ), n=1
2022-01-22 09:58:21,729 [WARN] DbBoardsPdsc:254 - Board STM32H735G-DK: unknown feature type=Audio, name=, username=Audio stereo codec with Headphone Amp (WM8994ECS/R), n=1
2022-01-22 09:58:21,730 [WARN] DbBoardsPdsc:254 - Board STM32WB5MM-DK: unknown feature type=, name=, username=Time-of-Flight and gesture-detection sensor, n=1
2022-01-22 09:58:21,730 [WARN] DbBoardsPdsc:254 - Board STM32WB5MM-DK: unknown feature type=, name=, username=3 push-buttons (2 users and 1 reset) and 1 touch key button, n=1
2022-01-22 09:58:21,730 [WARN] DbBoardsPdsc:254 - Board STM32WB5MM-DK: unknown feature type=, name=, username=Flexible power-supply options: ST-LINK/V2-1 USB connector, 5 V delivered by ARDUINO速 or external connector, USB charger, or USB power, n=1
2022-01-22 09:58:21,730 [WARN] DbBoardsPdsc:254 - Board STM32WB5MM-DK: unknown feature type=, name=, username=On-board ST-LINK/V2-1 debugger/programmer with USB re-enumeration capability: Virtual COM port and debug port, n=1
2022-01-22 09:58:21,730 [WARN] DbBoardsPdsc:254 - Board STM32WB5MM-DK: unknown feature type=, name=, username=Comprehensive free software libraries and examples available with the STM32CubeWB MCU Package, n=1
2022-01-22 09:58:21,730 [WARN] DbBoardsPdsc:254 - Board STM32WB5MM-DK: unknown feature type=, name=, username=Support of a wide choice of Integrated Development Environments (IDEs) including IAR Embedded Workbench速, MDK-ARM, and STM32CubeIDE, n=1
2022-01-22 09:58:21,733 [WARN] DbBoardsPdsc:254 - Board STM32H7B3I-EVAL: unknown feature type=Audio, name=, username=Multi-Channel Audio Codec (CS42L51-CNZ), n=1
2022-01-22 09:58:21,733 [WARN] DbBoardsPdsc:254 - Board STM32H7B3I-EVAL: unknown feature type=Meter, name=, username=Power-metering and Temperature-monitoring with sigma-delta modulators, n=1
2022-01-22 09:58:21,733 [WARN] DbBoardsPdsc:254 - Board STM32H7B3I-EVAL: unknown feature type=Motor, name=, username=Motor Control, n=1
2022-01-22 09:58:21,775 [INFO] DbBoardsJson:87 - JSON generation date=Tue Nov 16 16:17:54 GMT 2021 (1637079474)
2022-01-22 09:58:21,783 [INFO] DbBoards:117 - Found 167 boards (158 are supported by CubeMX)
2022-01-22 09:58:21,784 [WARN] DbBoards:127 - board B-L475E-IOT01A2 has no document id list !
2022-01-22 09:58:21,786 [WARN] DbBoards:127 - board NUCLEO-H743ZI has no document id list !
2022-01-22 09:58:21,787 [WARN] DbBoards:127 - board NUCLEO-WL55JC2 has no document id list !
2022-01-22 09:58:21,788 [WARN] DbBoards:127 - board P-NUCLEO-WB55-Nucleo has no document id list !
2022-01-22 09:58:21,788 [WARN] DbBoards:127 - board P-NUCLEO-WB55-USBDongle has no document id list !
2022-01-22 09:58:21,788 [WARN] DbBoards:127 - board STEVAL-BFA001V1B has no document id list !
2022-01-22 09:58:21,788 [WARN] DbBoards:127 - board STEVAL-BFA001V2B has no document id list !
2022-01-22 09:58:21,788 [WARN] DbBoards:127 - board STEVAL-IDP005V1 has no document id list !
2022-01-22 09:58:21,788 [WARN] DbBoards:127 - board STEVAL-IDP005V2 has no document id list !
2022-01-22 09:58:21,788 [WARN] DbBoards:127 - board STEVAL-MKSBOX1V1 has no document id list !
2022-01-22 09:58:21,788 [WARN] DbBoards:127 - board STEVAL-STWINKT1 has no document id list !
2022-01-22 09:58:21,788 [WARN] DbBoards:127 - board STEVAL-STWINKT1B has no document id list !
2022-01-22 09:58:21,789 [WARN] DbBoards:127 - board STM32439I-EVAL2 has no document id list !
2022-01-22 09:58:21,789 [WARN] DbBoards:127 - board STM32F401C-DISCO has no document id list !
2022-01-22 09:58:21,789 [WARN] DbBoards:127 - board STM32F769I-DISC1 has no document id list !
2022-01-22 09:58:21,789 [WARN] DbBoards:127 - board STM32G474E-EVAL1 has no document id list !
2022-01-22 09:58:21,789 [WARN] DbBoards:127 - board STM32H743I-EVAL2 has no document id list !
2022-01-22 09:58:21,790 [WARN] DbBoards:127 - board STM32H747I-DISC1 has no document id list !
2022-01-22 09:58:21,790 [WARN] DbBoards:127 - board STM32H753I-EVAL2 has no document id list !
2022-01-22 09:58:21,790 [WARN] DbBoards:127 - board STM32L-DISCOVERY has no document id list !
2022-01-22 09:58:21,900 [ERROR] DbBoards:189 - Image file not found for board B-U585I-IOT02A: C:\ST\STM32CubeIDE_1.6.1\STM32CubeIDE\plugins\com.st.stm32cube.common.mx_6.2.1.202103241236\\db\/plugins/mcufinder/images/boards/B-U585I-IOT02A_small.jpg
2022-01-22 09:58:22,011 [ERROR] DbBoards:189 - Image file not found for board NUCLEO-F413ZH: C:\ST\STM32CubeIDE_1.6.1\STM32CubeIDE\plugins\com.st.stm32cube.common.mx_6.2.1.202103241236\\db\/plugins/mcufinder/images/boards/nucleo-f413zh_small.jpg
2022-01-22 09:58:22,267 [ERROR] DbBoards:189 - Image file not found for board NUCLEO-L552ZE-Q: C:\ST\STM32CubeIDE_1.6.1\STM32CubeIDE\plugins\com.st.stm32cube.common.mx_6.2.1.202103241236\\db\/plugins/mcufinder/images/boards/nucleo_l552ze_q_small.jpg
2022-01-22 09:58:22,268 [ERROR] DbBoards:189 - Image file not found for board NUCLEO-U575ZI-Q: C:\ST\STM32CubeIDE_1.6.1\STM32CubeIDE\plugins\com.st.stm32cube.common.mx_6.2.1.202103241236\\db\/plugins/mcufinder/images/boards/nucleo-u575zi-q_small.jpg
2022-01-22 09:58:22,268 [ERROR] DbBoards:189 - Image file not found for board NUCLEO-WB15CC: C:\ST\STM32CubeIDE_1.6.1\STM32CubeIDE\plugins\com.st.stm32cube.common.mx_6.2.1.202103241236\\db\/plugins/mcufinder/images/boards/nucleo-wb15cc_small.jpg
2022-01-22 09:58:22,268 [ERROR] DbBoards:189 - Image file not found for board NUCLEO-WB55RG: C:\ST\STM32CubeIDE_1.6.1\STM32CubeIDE\plugins\com.st.stm32cube.common.mx_6.2.1.202103241236\\db\/plugins/mcufinder/images/boards/nucleo-wb55rg_small.jpg
2022-01-22 09:58:23,355 [ERROR] DbBoards:189 - Image file not found for board STM32U575I-EV: C:\ST\STM32CubeIDE_1.6.1\STM32CubeIDE\plugins\com.st.stm32cube.common.mx_6.2.1.202103241236\\db\/plugins/mcufinder/images/boards/stm32u575i-ev_small.jpg
2022-01-22 09:58:23,418 [INFO] ApiDb:251 - Load user favorites file C:\Users\Gaming Laptop RTX/.stm32cubeide/favorites.boards.txt: 0 item(s)
2022-01-22 09:58:23,418 [INFO] ApiDb:255 - User favorites Boards=[]
2022-01-22 09:58:23,419 [INFO] DbBoards:206 - Set 0 / 0 favorites Boards
2022-01-22 09:58:24,002 [INFO] ApiDb:479 - Connected to CubeFinder SQLite database (C:\Users\Gaming Laptop RTX\.stmcufinder\plugins\mcufinder\mcu\cube-finder-db.db)
2022-01-22 09:58:25,342 [INFO] DbExamplesSqlite:401 - Ignored 15 examples not supported by CubeIDE
2022-01-22 09:58:25,342 [INFO] DbExamplesSqlite:402 - Found 6085 examples active
2022-01-22 09:58:25,342 [INFO] DbExamplesSqlite:403 - Found 0 examples obsolete
2022-01-22 09:58:25,343 [INFO] DbExamplesSqlite:404 - Found 0 examples under development
2022-01-22 09:58:25,343 [INFO] DbExamplesSqlite:405 - Found 94 examples not building
2022-01-22 09:58:25,380 [INFO] DbExamplesSqlite:104 - CubeFinder database Data Model version=2.1
2022-01-22 09:58:25,380 [INFO] DbExamplesSqlite:105 - CubeFinder database Configuration version=3.0.22
2022-01-22 09:58:25,380 [INFO] DbExamplesSqlite:106 - CubeFinder database generation date=2022-01-05 (1641391108)
2022-01-22 09:58:25,380 [INFO] DbExamplesSqlite:107 - CubeFinder database FW Pack versions=[STM32Cube_FW_F4_V1.26.2, STM32Cube_FW_F7_V1.16.2, STM32Cube_FW_G0_V1.5.0, STM32Cube_FW_G4_V1.5.0, STM32Cube_FW_H7_V1.9.1, STM32Cube_FW_L5_V1.4.0, STM32Cube_FW_U5_V1.0.2, STM32Cube_FW_WB_V1.13.1, STM32Cube_FW_WL_V1.1.0, X-CUBE-ALS_V1.0.1, X-CUBE-AZRTOS-F4_V1.0.0, X-CUBE-AZRTOS-F7_V1.0.0, X-CUBE-AZRTOS-G0_V1.0.0, X-CUBE-AZRTOS-G4_V1.0.0, X-CUBE-AZRTOS-H7_V2.0.0, X-CUBE-AZRTOS-L4_V1.0.0, X-CUBE-AZRTOS-L5_V1.0.0, X-CUBE-BLE1_V6.2.1, X-CUBE-BLE2_V3.2.2, X-CUBE-EEPRMA1_V3.1.0, X-CUBE-GNSS1_V5.2.0, X-CUBE-MEMS1_V9.1.0, X-CUBE-NFC4_V2.0.3, X-CUBE-SFXS2LP1_V3.1.0, X-CUBE-SUBG2_V4.2.0]
2022-01-22 09:58:25,382 [INFO] DbExamples:130 - Found 6164 examples
2022-01-22 09:58:26,283 [ERROR] DbExamples:206 - Found 6164 examples with invalid data (board or MCU)
2022-01-22 09:58:26,283 [INFO] DbExamples:222 - Found 74 boards with related examples
2022-01-22 09:58:26,283 [INFO] DbExamples:235 - Found 0 MCUs with related examples
2022-01-22 09:58:26,311 [INFO] ApiDb:242 - User favorites file not found: C:\Users\Gaming Laptop RTX/.stm32cubeide/favorites.examples.txt
2022-01-22 09:58:26,311 [INFO] DbExamples:256 - Set 0 / 0 favorites Examples
2022-01-22 09:58:26,946 [INFO] CrossSelectorPresenter:1330 - Cross Selector saved comparison directory: C:\Users\Gaming Laptop RTX\.stmcufinder\plugins\mcufinder\mcu\cs_comparisons_mx
2022-01-22 09:58:26,954 [INFO] MultiScanPanel:200 - Auto-refresh data requested => check proxy status ongoing
2022-01-22 09:58:26,958 [INFO] FinderPluginLoader:87 - Searching for filters in installed packs
2022-01-22 09:58:28,083 [INFO] DetailPanel:310 - Set advertising image to C:/Users/Gaming Laptop RTX/STM32Cube/Repository/\en.Prom_NBSTM32U50921.jpg
2022-01-22 09:59:35,516 [INFO] ApiDb:276 - Save user favorites file C:\Users\Gaming Laptop RTX/.stm32cubeide/favorites.mcus.txt: 0 item(s)
2022-01-22 09:59:35,517 [INFO] ApiDb:280 - User favorites MCUs=[]
2022-01-23 09:37:16,145 [INFO] Activator:170 - 


2022-01-23 09:37:16,163 [INFO] Activator:171 - !SESSION log4j initialized
2022-01-24 15:57:14,533 [INFO] Activator:170 - 


2022-01-24 15:57:14,551 [INFO] Activator:171 - !SESSION log4j initialized
2022-01-27 08:24:28,298 [INFO] Activator:170 - 


2022-01-27 08:24:28,315 [INFO] Activator:171 - !SESSION log4j initialized
2022-02-03 09:13:42,089 [INFO] Activator:170 - 


2022-02-03 09:13:42,112 [INFO] Activator:171 - !SESSION log4j initialized
2022-02-04 09:33:13,188 [INFO] Activator:170 - 


2022-02-04 09:33:13,203 [INFO] Activator:171 - !SESSION log4j initialized
2022-02-04 18:29:43,348 [INFO] Activator:170 - 


2022-02-04 18:29:43,351 [INFO] Activator:171 - !SESSION log4j initialized
2022-02-05 08:48:00,721 [INFO] Activator:170 - 


2022-02-05 08:48:00,735 [INFO] Activator:171 - !SESSION log4j initialized
2022-02-06 08:51:46,359 [INFO] Activator:170 - 


2022-02-06 08:51:46,368 [INFO] Activator:171 - !SESSION log4j initialized
2022-03-22 08:03:04,097 [INFO] Activator:170 - 


2022-03-22 08:03:04,110 [INFO] Activator:171 - !SESSION log4j initialized
